h:\z.proyectos\3º ingenieria\ig2\ogrevc15x86\ig2\ig2app\release\vc142.pdb
h:\z.proyectos\3º ingenieria\ig2\ogrevc15x86\ig2\ig2app\release\simbad.obj
h:\z.proyectos\3º ingenieria\ig2\ogrevc15x86\ig2\ig2app\release\plano.obj
h:\z.proyectos\3º ingenieria\ig2\ogrevc15x86\ig2\ig2app\release\molino.obj
h:\z.proyectos\3º ingenieria\ig2\ogrevc15x86\ig2\ig2app\release\ig2app.obj
h:\z.proyectos\3º ingenieria\ig2\ogrevc15x86\ig2\ig2app\release\ig2main.obj
h:\z.proyectos\3º ingenieria\ig2\ogrevc15x86\ig2\ig2app\release\ig2applicationcontext.obj
h:\z.proyectos\3º ingenieria\ig2\ogrevc15x86\ig2\ig2app\release\entidadig.obj
h:\z.proyectos\3º ingenieria\ig2\ogrevc15x86\ig2\ig2app\release\boya.obj
h:\z.proyectos\3º ingenieria\ig2\ogrevc15x86\ig2\ig2app\release\avion.obj
h:\z.proyectos\3º ingenieria\ig2\ogrevc15x86\ig2\ig2app\release\aspasmolino.obj
h:\z.proyectos\3º ingenieria\ig2\ogrevc15x86\ig2\ig2app\release\aspa.obj
h:\z.proyectos\3º ingenieria\ig2\ogrevc15x86\ig2\ig2app\release\rio.obj
h:\z.proyectos\3º ingenieria\ig2\ogrevc15x86\ig2\bin\ig2apprelease.ipdb
h:\z.proyectos\3º ingenieria\ig2\ogrevc15x86\ig2\bin\ig2apprelease.iobj
h:\z.proyectos\3º ingenieria\ig2\ogrevc15x86\ig2\bin\ig2apprelease.exe
h:\z.proyectos\3º ingenieria\ig2\ogrevc15x86\ig2\bin\ig2apprelease.pdb
h:\z.proyectos\3º ingenieria\ig2\ogrevc15x86\ig2\ig2app\release\ig2app.tlog\cl.command.1.tlog
h:\z.proyectos\3º ingenieria\ig2\ogrevc15x86\ig2\ig2app\release\ig2app.tlog\cl.read.1.tlog
h:\z.proyectos\3º ingenieria\ig2\ogrevc15x86\ig2\ig2app\release\ig2app.tlog\cl.write.1.tlog
h:\z.proyectos\3º ingenieria\ig2\ogrevc15x86\ig2\ig2app\release\ig2app.tlog\ig2app.write.1u.tlog
h:\z.proyectos\3º ingenieria\ig2\ogrevc15x86\ig2\ig2app\release\ig2app.tlog\link.command.1.tlog
h:\z.proyectos\3º ingenieria\ig2\ogrevc15x86\ig2\ig2app\release\ig2app.tlog\link.read.1.tlog
h:\z.proyectos\3º ingenieria\ig2\ogrevc15x86\ig2\ig2app\release\ig2app.tlog\link.write.1.tlog
